<?xml version="1.0" encoding="UTF-8"?>
<!-- Generated by org.testng.reporters.JUnitXMLReporter -->
<testsuite ignored="0" hostname="Subs-Machine" failures="0" tests="2" name="Error Validation Test" time="32.142" errors="0" timestamp="2022-09-15T18:41:01 IST">
  <testcase classname="subratpattanaik.tests.ErrorValidations" name="ProductErrorValidation" time="16.153"/>
  <testcase classname="subratpattanaik.tests.ErrorValidations" name="submitOrder" time="0.856"/>
</testsuite> <!-- Error Validation Test -->
