<?xml version="1.0" encoding="UTF-8"?>
<!-- Generated by org.testng.reporters.JUnitXMLReporter -->
<testsuite ignored="0" hostname="Subs-Machine" failures="0" tests="4" name="Submit Order Test" time="18.405" errors="0" timestamp="2022-09-17T20:29:37 IST">
  <testcase classname="subratpattanaik.tests.SubmitOrderTest" name="submitOrder" time="3.396"/>
  <testcase classname="subratpattanaik.tests.SubmitOrderTest" name="submitOrder" time="3.335"/>
  <testcase classname="subratpattanaik.tests.SubmitOrderTest" name="orderHistoryTest" time="1.401"/>
  <testcase classname="subratpattanaik.tests.SubmitOrderTest" name="orderHistoryTest" time="1.405"/>
</testsuite> <!-- Submit Order Test -->
