<?xml version="1.0" encoding="UTF-8"?>
<testng-results ignored="0" total="2" passed="2" failed="0" skipped="0">
  <reporter-output>
  </reporter-output>
  <suite started-at="2022-09-14T22:59:55 IST" name="Default suite" finished-at="2022-09-14T23:00:20 IST" duration-ms="24826">
    <groups>
    </groups>
    <test started-at="2022-09-14T22:59:55 IST" name="Default test" finished-at="2022-09-14T23:00:20 IST" duration-ms="24826">
      <class name="subratpattanaik.tests.ErrorValidations">
        <test-method is-config="true" signature="launchApplication()[pri:0, instance:subratpattanaik.tests.ErrorValidations@1b7cc17c]" started-at="2022-09-14T22:59:55 IST" name="launchApplication" finished-at="2022-09-14T23:00:00 IST" duration-ms="5140" status="PASS">
          <reporter-output>
          </reporter-output>
        </test-method> <!-- launchApplication -->
        <test-method signature="ProductErrorValidation()[pri:0, instance:subratpattanaik.tests.ErrorValidations@1b7cc17c]" started-at="2022-09-14T23:00:00 IST" name="ProductErrorValidation" finished-at="2022-09-14T23:00:15 IST" duration-ms="14912" status="PASS">
          <reporter-output>
          </reporter-output>
        </test-method> <!-- ProductErrorValidation -->
        <test-method is-config="true" signature="tearDown()[pri:0, instance:subratpattanaik.tests.ErrorValidations@1b7cc17c]" started-at="2022-09-14T23:00:15 IST" name="tearDown" finished-at="2022-09-14T23:00:15 IST" duration-ms="79" status="PASS">
          <reporter-output>
          </reporter-output>
        </test-method> <!-- tearDown -->
        <test-method is-config="true" signature="launchApplication()[pri:0, instance:subratpattanaik.tests.ErrorValidations@1b7cc17c]" started-at="2022-09-14T23:00:15 IST" name="launchApplication" finished-at="2022-09-14T23:00:20 IST" duration-ms="4159" status="PASS">
          <reporter-output>
          </reporter-output>
        </test-method> <!-- launchApplication -->
        <test-method signature="submitOrder()[pri:0, instance:subratpattanaik.tests.ErrorValidations@1b7cc17c]" started-at="2022-09-14T23:00:20 IST" name="submitOrder" finished-at="2022-09-14T23:00:20 IST" duration-ms="420" status="PASS">
          <reporter-output>
          </reporter-output>
        </test-method> <!-- submitOrder -->
        <test-method is-config="true" signature="tearDown()[pri:0, instance:subratpattanaik.tests.ErrorValidations@1b7cc17c]" started-at="2022-09-14T23:00:20 IST" name="tearDown" finished-at="2022-09-14T23:00:20 IST" duration-ms="73" status="PASS">
          <reporter-output>
          </reporter-output>
        </test-method> <!-- tearDown -->
      </class> <!-- subratpattanaik.tests.ErrorValidations -->
    </test> <!-- Default test -->
  </suite> <!-- Default suite -->
</testng-results>
